<?xml version="1.0" encoding="UTF-8"?>
<testsuite name="controllers.FranchiseAPITest$ListFranchises" tests="2" skipped="0" failures="0" errors="0" timestamp="2023-04-28T13:20:20" hostname="LAPTOP-AKQ5IE6U" time="0.178">
  <properties/>
  <testcase name="listAllFranchises returns Franchises when ArrayList has franchises stored()" classname="controllers.FranchiseAPITest$ListFranchises" time="0.174"/>
  <testcase name="listAllFranchises returns No Franchises Stored message when ArrayList is empty()" classname="controllers.FranchiseAPITest$ListFranchises" time="0.001"/>
  <system-out><![CDATA[]]></system-out>
  <system-err><![CDATA[]]></system-err>
</testsuite>
