<?xml version="1.0" encoding="UTF-8"?>
<testsuite name="controllers.FranchiseAPITest$UpdateFranchises" tests="2" skipped="0" failures="0" errors="0" timestamp="2023-04-28T13:20:20" hostname="LAPTOP-AKQ5IE6U" time="0.007">
  <properties/>
  <testcase name="updating a franchise that does not exist returns false()" classname="controllers.FranchiseAPITest$UpdateFranchises" time="0.003"/>
  <testcase name="updating a franchise that exists returns true and updates()" classname="controllers.FranchiseAPITest$UpdateFranchises" time="0.002"/>
  <system-out><![CDATA[]]></system-out>
  <system-err><![CDATA[]]></system-err>
</testsuite>
