<?xml version="1.0" encoding="UTF-8"?>
<testsuite name="controllers.FranchiseAPITest$AddFranchises" tests="2" skipped="0" failures="0" errors="0" timestamp="2023-04-28T13:20:19" hostname="LAPTOP-AKQ5IE6U" time="0.161">
  <properties/>
  <testcase name="adding a Franchise to a populated list adds to ArrayList()" classname="controllers.FranchiseAPITest$AddFranchises" time="0.157"/>
  <testcase name="adding a Franchise to an empty list adds to ArrayList()" classname="controllers.FranchiseAPITest$AddFranchises" time="0.002"/>
  <system-out><![CDATA[]]></system-out>
  <system-err><![CDATA[]]></system-err>
</testsuite>
